<?xml version="1.0" encoding="UTF-8"?>
<testng-results ignored="0" total="1" passed="1" failed="0" skipped="0">
  <reporter-output>
  </reporter-output>
  <suite started-at="2024-10-26T23:01:19 IST" name="Default suite" finished-at="2024-10-26T23:01:31 IST" duration-ms="11433">
    <groups>
    </groups>
    <test started-at="2024-10-26T23:01:19 IST" name="Default test" finished-at="2024-10-26T23:01:31 IST" duration-ms="11433">
      <class name="testcases.tap_dynamiclogin">
        <test-method signature="checkname()[pri:0, instance:testcases.tap_dynamiclogin@5af3afd9]" started-at="2024-10-26T23:01:19 IST" name="checkname" finished-at="2024-10-26T23:01:31 IST" duration-ms="11399" status="PASS">
          <reporter-output>
          </reporter-output>
        </test-method> <!-- checkname -->
      </class> <!-- testcases.tap_dynamiclogin -->
    </test> <!-- Default test -->
  </suite> <!-- Default suite -->
</testng-results>
